2023-01-28 10:29:15,853 [Worker-6: Loading available Gradle versions] INFO  o.e.b.c.i.u.g.PublishedGradleVersions - Gradle version information cache is out-of-date. Trying to update.
2023-01-28 10:35:03,830 [Worker-19: Updating Maven Dependencies] INFO  o.e.m.c.i.l.LifecycleMappingFactory - Using org.eclipse.m2e.jdt.JarLifecycleMapping lifecycle mapping for MavenProject: Aniket_Maven_groupId:MavenJava:0.0.1-SNAPSHOT @ E:\Selenium_RahulShetty\Selenium_Restart\MavenJava\pom.xml.
2023-01-28 10:35:03,830 [Worker-21: Building] INFO  o.e.m.c.i.l.LifecycleMappingFactory - Using org.eclipse.m2e.jdt.JarLifecycleMapping lifecycle mapping for MavenProject: AniketPadgilwarProject:ExcelDriven:0.0.1-SNAPSHOT @ E:\Selenium_RahulShetty\Selenium_Restart\ExcelDriven\pom.xml.
2023-01-28 10:35:08,555 [Worker-21: Building] WARN  o.e.m.c.i.embedder.EclipseLogger - Using platform encoding (Cp1252 actually) to copy filtered resources, i.e. build is platform dependent!
2023-01-28 10:35:08,600 [Worker-21: Building] INFO  o.e.m.c.i.embedder.EclipseLogger - Copying 0 resource
2023-01-28 10:35:08,605 [Worker-21: Building] WARN  o.e.m.c.i.embedder.EclipseLogger - Using platform encoding (Cp1252 actually) to copy filtered resources, i.e. build is platform dependent!
2023-01-28 10:35:08,606 [Worker-21: Building] INFO  o.e.m.c.i.embedder.EclipseLogger - Copying 0 resource
2023-01-28 10:35:17,225 [Worker-21: Building] INFO  o.e.m.c.i.l.LifecycleMappingFactory - Using org.eclipse.m2e.jdt.JarLifecycleMapping lifecycle mapping for MavenProject: AniketPadgilwarProject:ExtentReport:0.0.1-SNAPSHOT @ E:\Selenium_RahulShetty\Selenium_Restart\ExtentReport\pom.xml.
2023-01-28 10:35:26,284 [Worker-21: Building] INFO  o.e.m.c.i.embedder.EclipseLogger - Using 'UTF-8' encoding to copy filtered resources.
2023-01-28 10:35:26,285 [Worker-21: Building] INFO  o.e.m.c.i.embedder.EclipseLogger - skip non existing resourceDirectory E:\Selenium_RahulShetty\Selenium_Restart\ExtentReport\src\main\resources
2023-01-28 10:35:26,288 [Worker-21: Building] INFO  o.e.m.c.i.embedder.EclipseLogger - Using 'UTF-8' encoding to copy filtered resources.
2023-01-28 10:35:26,288 [Worker-21: Building] INFO  o.e.m.c.i.embedder.EclipseLogger - skip non existing resourceDirectory E:\Selenium_RahulShetty\Selenium_Restart\ExtentReport\src\test\resources
2023-01-28 10:35:27,213 [Worker-20: Building] WARN  o.e.m.c.i.embedder.EclipseLogger - Using platform encoding (Cp1252 actually) to copy filtered resources, i.e. build is platform dependent!
2023-01-28 10:35:27,228 [Worker-20: Building] INFO  o.e.m.c.i.embedder.EclipseLogger - Copying 0 resource
2023-01-28 10:35:27,232 [Worker-20: Building] WARN  o.e.m.c.i.embedder.EclipseLogger - Using platform encoding (Cp1252 actually) to copy filtered resources, i.e. build is platform dependent!
2023-01-28 10:35:27,248 [Worker-20: Building] INFO  o.e.m.c.i.embedder.EclipseLogger - Copying 0 resource
2023-01-28 10:35:27,714 [Worker-17: Updating Maven Dependencies] INFO  o.e.m.c.i.l.LifecycleMappingFactory - Using org.eclipse.m2e.jdt.JarLifecycleMapping lifecycle mapping for MavenProject: Aniket_Maven_groupId:MavenJava:0.0.1-SNAPSHOT @ E:\Selenium_RahulShetty\Selenium_Restart\MavenJava\pom.xml.
2023-01-28 10:35:28,610 [Worker-20: Building] INFO  o.e.m.c.i.embedder.EclipseLogger - Using 'UTF-8' encoding to copy filtered resources.
2023-01-28 10:35:28,610 [Worker-20: Building] INFO  o.e.m.c.i.embedder.EclipseLogger - skip non existing resourceDirectory E:\Selenium_RahulShetty\Selenium_Restart\ExtentReport\src\main\resources
2023-01-28 10:35:28,613 [Worker-20: Building] INFO  o.e.m.c.i.embedder.EclipseLogger - Using 'UTF-8' encoding to copy filtered resources.
2023-01-28 10:35:28,613 [Worker-20: Building] INFO  o.e.m.c.i.embedder.EclipseLogger - skip non existing resourceDirectory E:\Selenium_RahulShetty\Selenium_Restart\ExtentReport\src\test\resources
2023-01-28 10:35:32,197 [Worker-20: Building] INFO  o.e.m.c.i.l.LifecycleMappingFactory - Using org.eclipse.m2e.jdt.JarLifecycleMapping lifecycle mapping for MavenProject: AniketPadgilwar:Selenium-java:0.0.1-SNAPSHOT @ E:\Selenium_RahulShetty\Selenium_Restart\Introduction\pom.xml.
2023-01-28 10:35:37,906 [Worker-20: Building] WARN  o.e.m.c.i.embedder.EclipseLogger - Using platform encoding (Cp1252 actually) to copy filtered resources, i.e. build is platform dependent!
2023-01-28 10:35:37,910 [Worker-20: Building] INFO  o.e.m.c.i.embedder.EclipseLogger - skip non existing resourceDirectory E:\Selenium_RahulShetty\Selenium_Restart\Introduction\src\main\resources
2023-01-28 10:35:37,913 [Worker-20: Building] WARN  o.e.m.c.i.embedder.EclipseLogger - Using platform encoding (Cp1252 actually) to copy filtered resources, i.e. build is platform dependent!
2023-01-28 10:35:37,916 [Worker-20: Building] INFO  o.e.m.c.i.embedder.EclipseLogger - skip non existing resourceDirectory E:\Selenium_RahulShetty\Selenium_Restart\Introduction\src\test\resources
2023-01-28 10:35:39,823 [Worker-14: Updating Maven Dependencies] INFO  o.e.m.c.i.l.LifecycleMappingFactory - Using org.eclipse.m2e.jdt.JarLifecycleMapping lifecycle mapping for MavenProject: Aniket_Maven_groupId:MavenJava:0.0.1-SNAPSHOT @ E:\Selenium_RahulShetty\Selenium_Restart\MavenJava\pom.xml.
2023-01-28 10:35:40,818 [Worker-21: Building] WARN  o.e.m.c.i.embedder.EclipseLogger - Using platform encoding (Cp1252 actually) to copy filtered resources, i.e. build is platform dependent!
2023-01-28 10:35:40,819 [Worker-21: Building] INFO  o.e.m.c.i.embedder.EclipseLogger - skip non existing resourceDirectory E:\Selenium_RahulShetty\Selenium_Restart\Introduction\src\main\resources
2023-01-28 10:35:40,821 [Worker-21: Building] WARN  o.e.m.c.i.embedder.EclipseLogger - Using platform encoding (Cp1252 actually) to copy filtered resources, i.e. build is platform dependent!
2023-01-28 10:35:40,823 [Worker-21: Building] INFO  o.e.m.c.i.embedder.EclipseLogger - skip non existing resourceDirectory E:\Selenium_RahulShetty\Selenium_Restart\Introduction\src\test\resources
2023-01-28 10:35:41,198 [Worker-21: Building] INFO  o.e.m.c.i.l.LifecycleMappingFactory - Using org.eclipse.m2e.jdt.JarLifecycleMapping lifecycle mapping for MavenProject: Aniket_Maven_groupId:MavenJava:0.0.1-SNAPSHOT @ E:\Selenium_RahulShetty\Selenium_Restart\MavenJava\pom.xml.
2023-01-28 10:35:45,100 [Worker-21: Building] INFO  o.e.m.c.i.embedder.EclipseLogger - Using 'UTF-8' encoding to copy filtered resources.
2023-01-28 10:35:45,101 [Worker-21: Building] INFO  o.e.m.c.i.embedder.EclipseLogger - skip non existing resourceDirectory E:\Selenium_RahulShetty\Selenium_Restart\MavenJava\src\main\resources
2023-01-28 10:35:45,104 [Worker-21: Building] INFO  o.e.m.c.i.embedder.EclipseLogger - Using 'UTF-8' encoding to copy filtered resources.
2023-01-28 10:35:45,104 [Worker-21: Building] INFO  o.e.m.c.i.embedder.EclipseLogger - skip non existing resourceDirectory E:\Selenium_RahulShetty\Selenium_Restart\MavenJava\src\test\resources
2023-01-28 10:35:46,510 [Worker-19: Updating Maven Dependencies] INFO  o.e.m.c.i.l.LifecycleMappingFactory - Using org.eclipse.m2e.jdt.JarLifecycleMapping lifecycle mapping for MavenProject: Aniket_Maven_groupId:MavenJava:0.0.1-SNAPSHOT @ E:\Selenium_RahulShetty\Selenium_Restart\MavenJava\pom.xml.
2023-01-28 10:35:50,826 [Worker-15: Building] INFO  o.e.m.c.i.embedder.EclipseLogger - Using 'UTF-8' encoding to copy filtered resources.
2023-01-28 10:35:50,827 [Worker-15: Building] INFO  o.e.m.c.i.embedder.EclipseLogger - skip non existing resourceDirectory E:\Selenium_RahulShetty\Selenium_Restart\MavenJava\src\main\resources
2023-01-28 10:35:50,840 [Worker-15: Building] INFO  o.e.m.c.i.embedder.EclipseLogger - Using 'UTF-8' encoding to copy filtered resources.
2023-01-28 10:35:50,841 [Worker-15: Building] INFO  o.e.m.c.i.embedder.EclipseLogger - skip non existing resourceDirectory E:\Selenium_RahulShetty\Selenium_Restart\MavenJava\src\test\resources
2023-01-28 10:35:55,198 [Worker-16: Building] INFO  o.e.m.c.i.embedder.EclipseLogger - Using 'UTF-8' encoding to copy filtered resources.
2023-01-28 10:35:55,198 [Worker-16: Building] INFO  o.e.m.c.i.embedder.EclipseLogger - skip non existing resourceDirectory E:\Selenium_RahulShetty\Selenium_Restart\MavenJava\src\main\resources
2023-01-28 10:35:55,200 [Worker-16: Building] INFO  o.e.m.c.i.embedder.EclipseLogger - Using 'UTF-8' encoding to copy filtered resources.
2023-01-28 10:35:55,200 [Worker-16: Building] INFO  o.e.m.c.i.embedder.EclipseLogger - skip non existing resourceDirectory E:\Selenium_RahulShetty\Selenium_Restart\MavenJava\src\test\resources
2023-01-28 10:37:25,960 [Worker-2: Loading available Gradle versions] INFO  o.e.b.c.i.u.g.PublishedGradleVersions - Gradle version information cache is up-to-date. Trying to read.
2023-01-28 11:25:15,288 [Worker-1: Loading available Gradle versions] INFO  o.e.b.c.i.u.g.PublishedGradleVersions - Gradle version information cache is up-to-date. Trying to read.
